<?xml version="1.0" encoding="UTF-8"?>
<testng-results ignored="0" total="2" passed="2" failed="0" skipped="0">
  <reporter-output>
  </reporter-output>
  <suite started-at="2025-05-08T00:42:51 EEST" name="Default suite" finished-at="2025-05-08T00:44:03 EEST" duration-ms="72270">
    <groups>
    </groups>
    <test started-at="2025-05-08T00:42:51 EEST" name="Default test" finished-at="2025-05-08T00:44:03 EEST" duration-ms="72270">
      <class name="tests.VerifyScroll">
        <test-method is-config="true" signature="openBrowser()[pri:0, instance:tests.VerifyScroll@702657cc]" started-at="2025-05-08T00:42:51 EEST" name="openBrowser" finished-at="2025-05-08T00:44:02 EEST" duration-ms="71226" status="PASS">
          <reporter-output>
          </reporter-output>
        </test-method> <!-- openBrowser -->
        <test-method signature="ScrollUPDwonUsingArrowbutton()[pri:1, instance:tests.VerifyScroll@702657cc]" started-at="2025-05-08T00:44:02 EEST" name="ScrollUPDwonUsingArrowbutton" finished-at="2025-05-08T00:44:02 EEST" duration-ms="589" status="PASS">
          <reporter-output>
          </reporter-output>
        </test-method> <!-- ScrollUPDwonUsingArrowbutton -->
        <test-method signature="ScrollUPDwonWithoutUsingArrowbutton()[pri:2, instance:tests.VerifyScroll@702657cc]" started-at="2025-05-08T00:44:02 EEST" name="ScrollUPDwonWithoutUsingArrowbutton" finished-at="2025-05-08T00:44:03 EEST" duration-ms="131" status="PASS">
          <reporter-output>
          </reporter-output>
        </test-method> <!-- ScrollUPDwonWithoutUsingArrowbutton -->
        <test-method is-config="true" signature="closeBrowser()[pri:0, instance:tests.VerifyScroll@702657cc]" started-at="2025-05-08T00:44:03 EEST" name="closeBrowser" finished-at="2025-05-08T00:44:03 EEST" duration-ms="271" status="PASS">
          <reporter-output>
          </reporter-output>
        </test-method> <!-- closeBrowser -->
      </class> <!-- tests.VerifyScroll -->
    </test> <!-- Default test -->
  </suite> <!-- Default suite -->
</testng-results>
