<?xml version="1.0" encoding="UTF-8"?>
<!-- Generated by org.testng.reporters.JUnitXMLReporter -->
<testsuite ignored="22" hostname="DESKTOP-DJ1U42P" failures="14" tests="16" name="Regression test" time="18.132" errors="0" timestamp="2025-05-09T01:28:26 EEST">
  <testcase classname="tests.add_products_in_cart" name="addProductsInCart" time="6.306"/>
  <testcase classname="tests.AddReviewTest" name="addReview" time="0.016">
    <failure type="java.lang.IllegalArgumentException" message="Driver must be set">
      <![CDATA[java.lang.IllegalArgumentException: Driver must be set
at org.openqa.selenium.internal.Require.nonNull(Require.java:64)
at org.openqa.selenium.interactions.Actions.<init>(Actions.java:67)
at org.openqa.selenium.interactions.Actions.<init>(Actions.java:63)
at pages.ProductsPage.<init>(ProductsPage.java:23)
at tests.AddReviewTest.addReview(AddReviewTest.java:19)
at java.base/java.util.ArrayList.forEach(ArrayList.java:1596)
... Removed 25 stack frames]]>
    </failure>
  </testcase> <!-- addReview -->
  <testcase classname="tests.ContactUs" name="UserCanContactUs" time="0.094">
    <failure type="java.lang.NullPointerException" message="Cannot invoke &amp;quot;org.openqa.selenium.WebDriver.findElement(org.openqa.selenium.By)&amp;quot; because &amp;quot;this.driver&amp;quot; is null">
      <![CDATA[java.lang.NullPointerException: Cannot invoke "org.openqa.selenium.WebDriver.findElement(org.openqa.selenium.By)" because "this.driver" is null
at pages.HomePage.openContactUsPage(HomePage.java:49)
at tests.ContactUs.UserCanContactUs(ContactUs.java:22)
at java.base/java.util.ArrayList.forEach(ArrayList.java:1596)
... Removed 25 stack frames]]>
    </failure>
  </testcase> <!-- UserCanContactUs -->
  <testcase classname="tests.LoginTest_Happy_And_Negative_Scenario" name="LoginTest_HappyScenario" time="0.012">
    <failure type="java.lang.NullPointerException" message="Cannot invoke &amp;quot;org.openqa.selenium.WebDriver.findElement(org.openqa.selenium.By)&amp;quot; because &amp;quot;this.driver&amp;quot; is null">
      <![CDATA[java.lang.NullPointerException: Cannot invoke "org.openqa.selenium.WebDriver.findElement(org.openqa.selenium.By)" because "this.driver" is null
at pages.HomePage.openLoginPage(HomePage.java:45)
at tests.LoginTest_Happy_And_Negative_Scenario.LoginTest_HappyScenario(LoginTest_Happy_And_Negative_Scenario.java:32)
at java.base/java.util.ArrayList.forEach(ArrayList.java:1596)
... Removed 25 stack frames]]>
    </failure>
  </testcase> <!-- LoginTest_HappyScenario -->
  <testcase classname="tests.LoginTest_Happy_And_Negative_Scenario" name="LoginTest_NegativeScenario" time="0.009">
    <failure type="java.lang.NullPointerException" message="Cannot invoke &amp;quot;org.openqa.selenium.WebDriver.findElement(org.openqa.selenium.By)&amp;quot; because &amp;quot;this.driver&amp;quot; is null">
      <![CDATA[java.lang.NullPointerException: Cannot invoke "org.openqa.selenium.WebDriver.findElement(org.openqa.selenium.By)" because "this.driver" is null
at pages.HomePage.openLoginPage(HomePage.java:45)
at tests.LoginTest_Happy_And_Negative_Scenario.LoginTest_NegativeScenario(LoginTest_Happy_And_Negative_Scenario.java:44)
at java.base/java.util.ArrayList.forEach(ArrayList.java:1596)
... Removed 25 stack frames]]>
    </failure>
  </testcase> <!-- LoginTest_NegativeScenario -->
  <testcase classname="tests.LoginTest_Happy_And_Negative_Scenario" name="LoginTest_NegativeScenario" time="0.007">
    <failure type="java.lang.NullPointerException" message="Cannot invoke &amp;quot;org.openqa.selenium.WebDriver.findElement(org.openqa.selenium.By)&amp;quot; because &amp;quot;this.driver&amp;quot; is null">
      <![CDATA[java.lang.NullPointerException: Cannot invoke "org.openqa.selenium.WebDriver.findElement(org.openqa.selenium.By)" because "this.driver" is null
at pages.HomePage.openLoginPage(HomePage.java:45)
at tests.LoginTest_Happy_And_Negative_Scenario.LoginTest_NegativeScenario(LoginTest_Happy_And_Negative_Scenario.java:44)
at java.base/java.util.ArrayList.forEach(ArrayList.java:1596)
... Removed 25 stack frames]]>
    </failure>
  </testcase> <!-- LoginTest_NegativeScenario -->
  <testcase classname="tests.PlaceOrderTest" name="userCanCheckoutOrder" time="0.038">
    <failure type="java.lang.NullPointerException" message="Cannot invoke &amp;quot;org.openqa.selenium.WebDriver.findElement(org.openqa.selenium.By)&amp;quot; because &amp;quot;this.driver&amp;quot; is null">
      <![CDATA[java.lang.NullPointerException: Cannot invoke "org.openqa.selenium.WebDriver.findElement(org.openqa.selenium.By)" because "this.driver" is null
at pages.HomePage.openProductsPage(HomePage.java:57)
at tests.PlaceOrderTest.userCanCheckoutOrder(PlaceOrderTest.java:27)
at java.base/java.util.ArrayList.forEach(ArrayList.java:1596)
... Removed 25 stack frames]]>
    </failure>
  </testcase> <!-- userCanCheckoutOrder -->
  <testcase classname="tests.remove_products_from_cart" name="removeProductsFromCart" time="0.0">
    <failure type="java.lang.NullPointerException" message="Cannot invoke &amp;quot;org.openqa.selenium.WebDriver.getCurrentUrl()&amp;quot; because &amp;quot;this.driver&amp;quot; is null">
      <![CDATA[java.lang.NullPointerException: Cannot invoke "org.openqa.selenium.WebDriver.getCurrentUrl()" because "this.driver" is null
at tests.remove_products_from_cart.removeProductsFromCart(remove_products_from_cart.java:20)
at java.base/java.util.ArrayList.forEach(ArrayList.java:1596)
... Removed 25 stack frames]]>
    </failure>
  </testcase> <!-- removeProductsFromCart -->
  <testcase classname="tests.ResgisterTests_HappyAndNegative" name="Register_Test_HappyScenarioFullData" time="0.002">
    <failure type="java.lang.NullPointerException" message="Cannot invoke &amp;quot;org.openqa.selenium.WebDriver.findElement(org.openqa.selenium.By)&amp;quot; because &amp;quot;this.driver&amp;quot; is null">
      <![CDATA[java.lang.NullPointerException: Cannot invoke "org.openqa.selenium.WebDriver.findElement(org.openqa.selenium.By)" because "this.driver" is null
at pages.HomePage.openRegisterationPage(HomePage.java:41)
at tests.ResgisterTests_HappyAndNegative.Register_Test_HappyScenarioFullData(ResgisterTests_HappyAndNegative.java:33)
at java.base/java.util.ArrayList.forEach(ArrayList.java:1596)
... Removed 25 stack frames]]>
    </failure>
  </testcase> <!-- Register_Test_HappyScenarioFullData -->
  <testcase classname="tests.ResgisterTests_HappyAndNegative" name="Register_Test_HappyScenarioBasicData" time="0.0">
    <failure type="java.lang.NullPointerException" message="Cannot invoke &amp;quot;org.openqa.selenium.WebDriver.findElement(org.openqa.selenium.By)&amp;quot; because &amp;quot;this.driver&amp;quot; is null">
      <![CDATA[java.lang.NullPointerException: Cannot invoke "org.openqa.selenium.WebDriver.findElement(org.openqa.selenium.By)" because "this.driver" is null
at pages.HomePage.openRegisterationPage(HomePage.java:41)
at tests.ResgisterTests_HappyAndNegative.Register_Test_HappyScenarioBasicData(ResgisterTests_HappyAndNegative.java:56)
at java.base/java.util.ArrayList.forEach(ArrayList.java:1596)
... Removed 25 stack frames]]>
    </failure>
  </testcase> <!-- Register_Test_HappyScenarioBasicData -->
  <testcase classname="tests.ResgisterTests_HappyAndNegative" name="RegisterTest_Negative_Scenario" time="0.0">
    <skipped/>
  </testcase> <!-- RegisterTest_Negative_Scenario -->
  <testcase classname="tests.SearchProduct" name="searchProduct" time="0.007">
    <failure type="java.lang.IllegalArgumentException" message="Driver must be set">
      <![CDATA[java.lang.IllegalArgumentException: Driver must be set
at org.openqa.selenium.internal.Require.nonNull(Require.java:64)
at org.openqa.selenium.interactions.Actions.<init>(Actions.java:67)
at org.openqa.selenium.interactions.Actions.<init>(Actions.java:63)
at pages.ProductsPage.<init>(ProductsPage.java:23)
at tests.SearchProduct.searchProduct(SearchProduct.java:15)
at java.base/java.util.ArrayList.forEach(ArrayList.java:1596)
... Removed 25 stack frames]]>
    </failure>
  </testcase> <!-- searchProduct -->
  <testcase classname="tests.verify_product_quantity_in_cart" name="verifyProductQuantityInCart" time="0.027">
    <failure type="java.lang.IllegalArgumentException" message="Driver must be set">
      <![CDATA[java.lang.IllegalArgumentException: Driver must be set
at org.openqa.selenium.internal.Require.nonNull(Require.java:64)
at org.openqa.selenium.interactions.Actions.<init>(Actions.java:67)
at org.openqa.selenium.interactions.Actions.<init>(Actions.java:63)
at pages.ProductsPage.<init>(ProductsPage.java:23)
at tests.verify_product_quantity_in_cart.verifyProductQuantityInCart(verify_product_quantity_in_cart.java:20)
at java.base/java.util.ArrayList.forEach(ArrayList.java:1596)
... Removed 25 stack frames]]>
    </failure>
  </testcase> <!-- verifyProductQuantityInCart -->
  <testcase classname="tests.verify_subscription_in_cart_page" name="verifySubscriptionInCartPage" time="0.005">
    <failure type="java.lang.NullPointerException" message="Cannot invoke &amp;quot;org.openqa.selenium.WebDriver.getCurrentUrl()&amp;quot; because &amp;quot;this.driver&amp;quot; is null">
      <![CDATA[java.lang.NullPointerException: Cannot invoke "org.openqa.selenium.WebDriver.getCurrentUrl()" because "this.driver" is null
at tests.verify_subscription_in_cart_page.verifySubscriptionInCartPage(verify_subscription_in_cart_page.java:18)
at java.base/java.util.ArrayList.forEach(ArrayList.java:1596)
... Removed 25 stack frames]]>
    </failure>
  </testcase> <!-- verifySubscriptionInCartPage -->
  <testcase classname="tests.VerifyAllProduct" name="verifyAllProducts" time="0.002">
    <failure type="java.lang.NullPointerException" message="Cannot invoke &amp;quot;org.openqa.selenium.WebDriver.getCurrentUrl()&amp;quot; because &amp;quot;this.driver&amp;quot; is null">
      <![CDATA[java.lang.NullPointerException: Cannot invoke "org.openqa.selenium.WebDriver.getCurrentUrl()" because "this.driver" is null
at tests.VerifyAllProduct.verifyAllProducts(VerifyAllProduct.java:21)
at java.base/java.util.ArrayList.forEach(ArrayList.java:1596)
... Removed 25 stack frames]]>
    </failure>
  </testcase> <!-- verifyAllProducts -->
  <testcase classname="tests.VerifyTestCasesPage" name="TestCasesPageExist" time="0.003">
    <failure type="java.lang.NullPointerException" message="Cannot invoke &amp;quot;org.openqa.selenium.WebDriver.findElement(org.openqa.selenium.By)&amp;quot; because &amp;quot;this.driver&amp;quot; is null">
      <![CDATA[java.lang.NullPointerException: Cannot invoke "org.openqa.selenium.WebDriver.findElement(org.openqa.selenium.By)" because "this.driver" is null
at pages.HomePage.openTestCasesPage(HomePage.java:37)
at tests.VerifyTestCasesPage.TestCasesPageExist(VerifyTestCasesPage.java:13)
at java.base/java.util.ArrayList.forEach(ArrayList.java:1596)
... Removed 25 stack frames]]>
    </failure>
  </testcase> <!-- TestCasesPageExist -->
  <testcase classname="tests.TestBase" name="@BeforeTest openBrowser" time="0.0">
    <ignored/>
  </testcase> <!-- @BeforeTest openBrowser -->
  <testcase classname="tests.TestBase" name="@BeforeTest openBrowser" time="0.0">
    <ignored/>
  </testcase> <!-- @BeforeTest openBrowser -->
  <testcase classname="tests.TestBase" name="@AfterTest closeBrowser" time="0.0">
    <ignored/>
  </testcase> <!-- @AfterTest closeBrowser -->
  <testcase classname="tests.TestBase" name="@AfterTest closeBrowser" time="0.0">
    <ignored/>
  </testcase> <!-- @AfterTest closeBrowser -->
  <testcase classname="tests.TestBase" name="@BeforeTest openBrowser" time="0.0">
    <ignored/>
  </testcase> <!-- @BeforeTest openBrowser -->
  <testcase classname="tests.TestBase" name="@BeforeTest openBrowser" time="0.0">
    <ignored/>
  </testcase> <!-- @BeforeTest openBrowser -->
  <testcase classname="tests.TestBase" name="@BeforeTest openBrowser" time="0.0">
    <ignored/>
  </testcase> <!-- @BeforeTest openBrowser -->
  <testcase classname="tests.TestBase" name="@AfterTest closeBrowser" time="0.0">
    <ignored/>
  </testcase> <!-- @AfterTest closeBrowser -->
  <testcase classname="tests.TestBase" name="@AfterTest closeBrowser" time="0.0">
    <ignored/>
  </testcase> <!-- @AfterTest closeBrowser -->
  <testcase classname="tests.TestBase" name="@AfterTest closeBrowser" time="0.0">
    <ignored/>
  </testcase> <!-- @AfterTest closeBrowser -->
  <testcase classname="tests.TestBase" name="@AfterTest closeBrowser" time="0.0">
    <ignored/>
  </testcase> <!-- @AfterTest closeBrowser -->
  <testcase classname="tests.TestBase" name="@BeforeTest openBrowser" time="0.0">
    <ignored/>
  </testcase> <!-- @BeforeTest openBrowser -->
  <testcase classname="tests.TestBase" name="@AfterTest closeBrowser" time="0.0">
    <ignored/>
  </testcase> <!-- @AfterTest closeBrowser -->
  <testcase classname="tests.TestBase" name="@BeforeTest openBrowser" time="0.0">
    <ignored/>
  </testcase> <!-- @BeforeTest openBrowser -->
  <testcase classname="tests.TestBase" name="@AfterTest closeBrowser" time="0.0">
    <ignored/>
  </testcase> <!-- @AfterTest closeBrowser -->
  <testcase classname="tests.TestBase" name="@BeforeTest openBrowser" time="0.0">
    <ignored/>
  </testcase> <!-- @BeforeTest openBrowser -->
  <testcase classname="tests.TestBase" name="@BeforeTest openBrowser" time="0.0">
    <ignored/>
  </testcase> <!-- @BeforeTest openBrowser -->
  <testcase classname="tests.TestBase" name="@BeforeTest openBrowser" time="0.0">
    <ignored/>
  </testcase> <!-- @BeforeTest openBrowser -->
  <testcase classname="tests.TestBase" name="@BeforeTest openBrowser" time="0.0">
    <ignored/>
  </testcase> <!-- @BeforeTest openBrowser -->
  <testcase classname="tests.TestBase" name="@AfterTest closeBrowser" time="0.0">
    <ignored/>
  </testcase> <!-- @AfterTest closeBrowser -->
  <testcase classname="tests.TestBase" name="@AfterTest closeBrowser" time="0.0">
    <ignored/>
  </testcase> <!-- @AfterTest closeBrowser -->
  <testcase classname="tests.TestBase" name="@AfterTest closeBrowser" time="0.0">
    <ignored/>
  </testcase> <!-- @AfterTest closeBrowser -->
</testsuite> <!-- Regression test -->
